<?xml version="1.0" encoding="UTF-8"?>
<!-- Generated by org.testng.reporters.JUnitReportReporter -->
<testsuite hostname="DESKTOP-S94KECF" name="com.businessscripts.SampleTest" tests="1" failures="0" timestamp="7 Sep 2021 03:30:57 GMT" time="44.489" errors="0">
  <testcase name="testOne" time="44.489" classname="com.businessscripts.SampleTest"/>
</testsuite> <!-- com.businessscripts.SampleTest -->
